c:\users\bossc\documents\cedric\unityprojects\math_5a_semestre1\machine learning algo\x64\release\machine learning algo.pch
c:\users\bossc\documents\cedric\unityprojects\math_5a_semestre1\machine learning algo\x64\release\vc142.pdb
c:\users\bossc\documents\cedric\unityprojects\math_5a_semestre1\machine learning algo\x64\release\pch.obj
c:\users\bossc\documents\cedric\unityprojects\math_5a_semestre1\machine learning algo\x64\release\utils.obj
c:\users\bossc\documents\cedric\unityprojects\math_5a_semestre1\machine learning algo\x64\release\threadpool.obj
c:\users\bossc\documents\cedric\unityprojects\math_5a_semestre1\machine learning algo\x64\release\species.obj
c:\users\bossc\documents\cedric\unityprojects\math_5a_semestre1\machine learning algo\x64\release\node.obj
c:\users\bossc\documents\cedric\unityprojects\math_5a_semestre1\machine learning algo\x64\release\neuralnetwork.obj
c:\users\bossc\documents\cedric\unityprojects\math_5a_semestre1\machine learning algo\x64\release\neat.obj
c:\users\bossc\documents\cedric\unityprojects\math_5a_semestre1\machine learning algo\x64\release\hyperneat.obj
c:\users\bossc\documents\cedric\unityprojects\math_5a_semestre1\machine learning algo\x64\release\hyperbackprop.obj
c:\users\bossc\documents\cedric\unityprojects\math_5a_semestre1\machine learning algo\x64\release\genome.obj
c:\users\bossc\documents\cedric\unityprojects\math_5a_semestre1\machine learning algo\x64\release\genenode.obj
c:\users\bossc\documents\cedric\unityprojects\math_5a_semestre1\machine learning algo\x64\release\geneconnection.obj
c:\users\bossc\documents\cedric\unityprojects\math_5a_semestre1\machine learning algo\x64\release\es_hyperneat.obj
c:\users\bossc\documents\cedric\unityprojects\math_5a_semestre1\machine learning algo\x64\release\cppn_neat.obj
c:\users\bossc\documents\cedric\unityprojects\math_5a_semestre1\machine learning algo\x64\release\activation.obj
c:\users\bossc\documents\cedric\unityprojects\math_5a_semestre1\machine learning algo\x64\release\dllmain.obj
c:\projets\scolaire\53djv\maths\projets\math_5a_semestre1\machine learning algo\x64\release\machine learning algo.ipdb
c:\projets\scolaire\53djv\maths\projets\math_5a_semestre1\machine learning algo\x64\release\machine learning algo.iobj
c:\projets\scolaire\53djv\maths\projets\math_5a_semestre1\machine learning algo\x64\release\machine learning algo.lib
c:\projets\scolaire\53djv\maths\projets\math_5a_semestre1\machine learning algo\x64\release\machine learning algo.exp
c:\users\bossc\documents\cedric\unityprojects\math_5a_semestre1\machine learning algo\x64\release\machine learning algo.lib
c:\users\bossc\documents\cedric\unityprojects\math_5a_semestre1\machine learning algo\x64\release\machine learning algo.exp
c:\users\bossc\documents\cedric\unityprojects\math_5a_semestre1\machine learning algo\x64\release\machine learning algo.ipdb
c:\users\bossc\documents\cedric\unityprojects\math_5a_semestre1\machine learning algo\x64\release\machine learning algo.iobj
c:\users\bossc\documents\cedric\unityprojects\math_5a_semestre1\machine learning algo\x64\release\machine learning algo.pdb
c:\users\bossc\documents\cedric\unityprojects\math_5a_semestre1\machine learning algo\x64\release\machine .76165e89.tlog\cl.command.1.tlog
c:\users\bossc\documents\cedric\unityprojects\math_5a_semestre1\machine learning algo\x64\release\machine .76165e89.tlog\cl.read.1.tlog
c:\users\bossc\documents\cedric\unityprojects\math_5a_semestre1\machine learning algo\x64\release\machine .76165e89.tlog\cl.write.1.tlog
c:\users\bossc\documents\cedric\unityprojects\math_5a_semestre1\machine learning algo\x64\release\machine .76165e89.tlog\link.command.1.tlog
c:\users\bossc\documents\cedric\unityprojects\math_5a_semestre1\machine learning algo\x64\release\machine .76165e89.tlog\link.delete.1.tlog
c:\users\bossc\documents\cedric\unityprojects\math_5a_semestre1\machine learning algo\x64\release\machine .76165e89.tlog\link.read.1.tlog
c:\users\bossc\documents\cedric\unityprojects\math_5a_semestre1\machine learning algo\x64\release\machine .76165e89.tlog\link.write.1.tlog
c:\users\bossc\documents\cedric\unityprojects\math_5a_semestre1\machine learning algo\x64\release\machine .76165e89.tlog\machine learning algo.write.1u.tlog
